2025-06-03 00:18:38,894 [INFO] Activator:176 - 


2025-06-03 00:18:38,898 [INFO] Activator:177 - !SESSION log4j initialized
2025-06-03 00:18:43,670 [INFO] LogOutputStream:77 - [STDOUT_REDIRECT] 
2025-06-03 00:18:44,646 [INFO] ApplicationProperties:184 - Using Application install path: C:\ST\STM32CubeIDE_1.16.0\STM32CubeIDE\plugins\com.st.stm32cube.common.mx_6.14.1.202504091515
2025-06-03 00:18:44,658 [INFO] DbMcusXml:78 - Set database path to: C:\ST\STM32CubeIDE_1.16.0\STM32CubeIDE\plugins\com.st.stm32cube.common.mx_6.14.1.202504091515\\db\/mcu/
2025-06-03 00:18:44,659 [INFO] ApiDb:274 - Set plugin database path to: C:\ST\STM32CubeIDE_1.16.0\STM32CubeIDE\plugins\com.st.stm32cube.common.mx_6.14.1.202504091515\\db\/plugins/boardmanager/
2025-06-03 00:18:44,659 [WARN] ApiDb:259 - Overriding images path with different value:  => C:\ST\STM32CubeIDE_1.16.0\STM32CubeIDE\plugins\com.st.stm32cube.common.mx_6.14.1.202504091515\\db\/plugins/mcufinder/images/
2025-06-03 00:18:44,670 [INFO] ApiDb:250 - Set database path to: C:\Users\tyler\.stmcufinder\plugins\mcufinder//mcu/
2025-06-03 00:18:44,671 [INFO] DbMcusAds:125 - Set database path to: C:\Users\tyler\.stmcufinder\plugins\mcufinder//mcu/
2025-06-03 00:18:44,673 [INFO] CrossReferenceDbSqlite:203 - Set database path to: C:\Users\tyler\.stmcufinder\plugins\mcufinder//mcu/cs/
2025-06-03 00:18:44,748 [INFO] RulesReader:64 - Compatibility file has been processed (302 Rules)
2025-06-03 00:18:44,805 [INFO] DbMcusXml:78 - Set database path to: C:\ST\STM32CubeIDE_1.16.0\STM32CubeIDE\plugins\com.st.stm32cube.common.mx_6.14.1.202504091515\\db\/mcu/
2025-06-03 00:18:44,805 [INFO] ApiDb:274 - Set plugin database path to: C:\ST\STM32CubeIDE_1.16.0\STM32CubeIDE\plugins\com.st.stm32cube.common.mx_6.14.1.202504091515\\db\/plugins/boardmanager/
2025-06-03 00:18:44,805 [INFO] ApiDb:261 - Set plugin images path to: C:\ST\STM32CubeIDE_1.16.0\STM32CubeIDE\plugins\com.st.stm32cube.common.mx_6.14.1.202504091515\\db\/plugins/mcufinder/images/
2025-06-03 00:18:44,805 [WARN] DbFile:41 - Overriding database path with different value: C:\Users\tyler\.stmcufinder\plugins\mcufinder/ => C:\Users\tyler\.stmcufinder\plugins\mcufinder
2025-06-03 00:18:44,805 [INFO] ApiDb:250 - Set database path to: C:\Users\tyler\.stmcufinder\plugins\mcufinder//mcu/
2025-06-03 00:18:44,805 [WARN] DbFile:41 - Overriding database path with different value: C:\Users\tyler\.stmcufinder\plugins\mcufinder/ => C:\Users\tyler\.stmcufinder\plugins\mcufinder
2025-06-03 00:18:44,805 [INFO] DbMcusAds:125 - Set database path to: C:\Users\tyler\.stmcufinder\plugins\mcufinder//mcu/
2025-06-03 00:18:44,805 [WARN] DbFile:41 - Overriding database path with different value: C:\Users\tyler\.stmcufinder\plugins\mcufinder/ => C:\Users\tyler\.stmcufinder\plugins\mcufinder
2025-06-03 00:18:44,805 [WARN] DbFile:41 - Overriding database path with different value: C:\Users\tyler\.stmcufinder\plugins\mcufinder/ => C:\Users\tyler\.stmcufinder\plugins\mcufinder
2025-06-03 00:18:44,805 [INFO] CrossReferenceDbSqlite:203 - Set database path to: C:\Users\tyler\.stmcufinder\plugins\mcufinder//mcu/cs/
2025-06-03 00:18:44,855 [INFO] MainPanel:272 - HeapMemory: 268435456
2025-06-03 00:18:44,926 [INFO] DbMcusXml:78 - Set database path to: C:\ST\STM32CubeIDE_1.16.0\STM32CubeIDE\plugins\com.st.stm32cube.common.mx_6.14.1.202504091515\\db\/mcu/
2025-06-03 00:18:44,926 [INFO] ApiDb:274 - Set plugin database path to: C:\ST\STM32CubeIDE_1.16.0\STM32CubeIDE\plugins\com.st.stm32cube.common.mx_6.14.1.202504091515\\db\/plugins/boardmanager/
2025-06-03 00:18:44,927 [INFO] ApiDb:261 - Set plugin images path to: C:\ST\STM32CubeIDE_1.16.0\STM32CubeIDE\plugins\com.st.stm32cube.common.mx_6.14.1.202504091515\\db\/plugins/mcufinder/images/
2025-06-03 00:18:44,927 [WARN] DbFile:41 - Overriding database path with different value: C:\Users\tyler\.stmcufinder\plugins\mcufinder/ => C:\Users\tyler\.stmcufinder\plugins\mcufinder
2025-06-03 00:18:44,927 [INFO] ApiDb:250 - Set database path to: C:\Users\tyler\.stmcufinder\plugins\mcufinder//mcu/
2025-06-03 00:18:44,927 [WARN] DbFile:41 - Overriding database path with different value: C:\Users\tyler\.stmcufinder\plugins\mcufinder/ => C:\Users\tyler\.stmcufinder\plugins\mcufinder
2025-06-03 00:18:44,927 [INFO] DbMcusAds:125 - Set database path to: C:\Users\tyler\.stmcufinder\plugins\mcufinder//mcu/
2025-06-03 00:18:44,927 [WARN] DbFile:41 - Overriding database path with different value: C:\Users\tyler\.stmcufinder\plugins\mcufinder/ => C:\Users\tyler\.stmcufinder\plugins\mcufinder
2025-06-03 00:18:44,927 [WARN] DbFile:41 - Overriding database path with different value: C:\Users\tyler\.stmcufinder\plugins\mcufinder/ => C:\Users\tyler\.stmcufinder\plugins\mcufinder
2025-06-03 00:18:44,927 [INFO] CrossReferenceDbSqlite:203 - Set database path to: C:\Users\tyler\.stmcufinder\plugins\mcufinder//mcu/cs/
2025-06-03 00:18:44,939 [INFO] ApplicationProperties:184 - Using Application install path: C:\ST\STM32CubeIDE_1.16.0\STM32CubeIDE\plugins\com.st.stm32cube.common.mx_6.14.1.202504091515
2025-06-03 00:18:44,940 [INFO] PluginManage:196 - Search for loadable plugins [exclusion list=, ]
2025-06-03 00:18:44,941 [INFO] PluginManage:310 - Check plugin analytics
2025-06-03 00:18:45,049 [INFO] AnalyticsPlugin:253 - Accepted Software Licenses: 
2025-06-03 00:18:45,050 [INFO] AnalyticsPlugin:255 - Accepted CMSIS Pack Licenses: 
2025-06-03 00:18:45,050 [INFO] AnalyticsPlugin:257 - Accepted Firmware Licenses: 
2025-06-03 00:18:45,051 [INFO] PluginManage:359 - Loaded plugin analytics (category:tool,tabindex:-1)
2025-06-03 00:18:45,051 [INFO] PluginManage:310 - Check plugin cadmodel
2025-06-03 00:18:45,064 [INFO] CADModel:105 - Init CAD model plugin
2025-06-03 00:18:45,064 [INFO] PluginManage:359 - Loaded plugin cadmodel (category:power,tabindex:5)
2025-06-03 00:18:45,064 [INFO] PluginManage:310 - Check plugin clock
2025-06-03 00:18:45,089 [INFO] PluginManage:359 - Loaded plugin clock (category:base,tabindex:2)
2025-06-03 00:18:45,090 [INFO] PluginManage:310 - Check plugin ddr
2025-06-03 00:18:45,092 [INFO] PluginManage:359 - Loaded plugin ddr (category:tool,tabindex:6)
2025-06-03 00:18:45,092 [INFO] PluginManage:310 - Check plugin filemanager
2025-06-03 00:18:45,189 [INFO] PluginManage:359 - Loaded plugin filemanager (category:base,tabindex:10)
2025-06-03 00:18:45,189 [INFO] PluginManage:310 - Check plugin ipmanager
2025-06-03 00:18:45,193 [INFO] PluginManage:359 - Loaded plugin ipmanager (category:base,tabindex:5)
2025-06-03 00:18:45,193 [INFO] PluginManage:310 - Check plugin lpbam
2025-06-03 00:18:45,207 [INFO] PluginManage:359 - Loaded plugin lpbam (category:base,tabindex:0)
2025-06-03 00:18:45,207 [INFO] PluginManage:310 - Check plugin memorymap
2025-06-03 00:18:45,224 [INFO] PluginManage:359 - Loaded plugin memorymap (category:base,tabindex:4)
2025-06-03 00:18:45,224 [INFO] PluginManage:310 - Check plugin pinoutandconfiguration
2025-06-03 00:18:45,240 [INFO] PluginManage:359 - Loaded plugin pinoutandconfiguration (category:base,tabindex:1)
2025-06-03 00:18:45,240 [INFO] PluginManage:310 - Check plugin pinoutconfig
2025-06-03 00:18:45,303 [WARN] SupportedApi:132 - Cannot load RTOS API schema: s4s-elt-must-match.1: The content of 'definitions' must match (annotation?, (simpleType | complexType)?, (unique | key | keyref)*)). A problem was found starting at: attribute.
2025-06-03 00:18:45,388 [INFO] PluginManage:359 - Loaded plugin pinoutconfig (category:base,tabindex:0)
2025-06-03 00:18:45,388 [INFO] PluginManage:310 - Check plugin power
2025-06-03 00:18:45,403 [INFO] PluginManage:359 - Loaded plugin power (category:power,tabindex:4)
2025-06-03 00:18:45,403 [INFO] PluginManage:310 - Check plugin projectmanager
2025-06-03 00:18:45,414 [INFO] PluginManage:359 - Loaded plugin projectmanager (category:projectmanager,tabindex:4)
2025-06-03 00:18:45,414 [INFO] PluginManage:310 - Check plugin rif
2025-06-03 00:18:45,429 [INFO] PluginManage:359 - Loaded plugin rif (category:base,tabindex:3)
2025-06-03 00:18:45,429 [INFO] PluginManage:310 - Check plugin thirdparty
2025-06-03 00:18:45,627 [INFO] PluginManage:359 - Loaded plugin thirdparty (category:base,tabindex:-1)
2025-06-03 00:18:45,627 [WARN] IntegrityCheckThread:84 - waiting for thirdparty lock release [integrity check]
2025-06-03 00:18:45,628 [INFO] PluginManage:310 - Check plugin tools
2025-06-03 00:18:45,628 [INFO] IntegrityCheckThread:86 - entering critical section [integrity check]
2025-06-03 00:18:45,628 [INFO] ThirdPartyUpdaterWithRetryManager:70 - Updater plugin not ready yet. [1/15]
2025-06-03 00:18:45,654 [INFO] PluginManage:359 - Loaded plugin tools (category:base,tabindex:7)
2025-06-03 00:18:45,655 [INFO] PluginManage:310 - Check plugin tutovideos
2025-06-03 00:18:45,797 [INFO] PluginManage:359 - Loaded plugin tutovideos (category:base,tabindex:-1)
2025-06-03 00:18:45,798 [INFO] PluginManage:310 - Check plugin updater
2025-06-03 00:18:45,811 [INFO] PluginManage:359 - Loaded plugin updater (category:base,tabindex:12)
2025-06-03 00:18:45,811 [INFO] PluginManage:310 - Check plugin userauth
2025-06-03 00:18:45,814 [INFO] UserAuth:118 - Init User Auth plugin
2025-06-03 00:18:45,814 [INFO] PluginManage:359 - Loaded plugin userauth (category:base,tabindex:14)
2025-06-03 00:18:45,814 [INFO] PluginManage:283 - PluginManage : Loaded plugins [18]
2025-06-03 00:18:45,946 [INFO] PinOutPanel:1589 - setPackage(No Configuration,No Configuration)
2025-06-03 00:18:46,001 [INFO] CADModel:165 - CPN selected for project level
2025-06-03 00:18:46,001 [INFO] CADModel:114 - Register for checkConnection events
2025-06-03 00:18:46,022 [INFO] IPUIPlugin:80 - create IPUIPlugin
2025-06-03 00:18:46,022 [INFO] PluginManager:220 - loadIPPluginJar : add adc
2025-06-03 00:18:46,049 [INFO] IPUIPlugin:80 - create IPUIPlugin
2025-06-03 00:18:46,050 [INFO] PluginManager:220 - loadIPPluginJar : add aes
2025-06-03 00:18:46,080 [INFO] IPUIPlugin:80 - create IPUIPlugin
2025-06-03 00:18:46,080 [INFO] PluginManager:220 - loadIPPluginJar : add can
2025-06-03 00:18:46,107 [INFO] IPUIPlugin:80 - create IPUIPlugin
2025-06-03 00:18:46,107 [INFO] PluginManager:220 - loadIPPluginJar : add comp
2025-06-03 00:18:46,130 [INFO] IPUIPlugin:80 - create IPUIPlugin
2025-06-03 00:18:46,130 [INFO] PluginManager:220 - loadIPPluginJar : add cryp
2025-06-03 00:18:46,139 [INFO] IPUIPlugin:80 - create IPUIPlugin
2025-06-03 00:18:46,139 [INFO] PluginManager:220 - loadIPPluginJar : add ddr_ctrl_phy
2025-06-03 00:18:46,161 [INFO] IPUIPlugin:80 - create IPUIPlugin
2025-06-03 00:18:46,161 [INFO] PluginManager:220 - loadIPPluginJar : add dfsdm
2025-06-03 00:18:46,173 [INFO] IPUIPlugin:80 - create IPUIPlugin
2025-06-03 00:18:46,173 [INFO] PluginManager:220 - loadIPPluginJar : add dma
2025-06-03 00:18:46,201 [INFO] IPUIPlugin:80 - create IPUIPlugin
2025-06-03 00:18:46,201 [INFO] PluginManager:220 - loadIPPluginJar : add dma3
2025-06-03 00:18:46,234 [INFO] IPUIPlugin:80 - create IPUIPlugin
2025-06-03 00:18:46,234 [INFO] PluginManager:220 - loadIPPluginJar : add extmemmanager
2025-06-03 00:18:46,251 [INFO] IPUIPlugin:80 - create IPUIPlugin
2025-06-03 00:18:46,251 [INFO] PluginManager:220 - loadIPPluginJar : add fatfs
2025-06-03 00:18:46,287 [INFO] IPUIPlugin:80 - create IPUIPlugin
2025-06-03 00:18:46,289 [INFO] PluginManager:220 - loadIPPluginJar : add fmc
2025-06-03 00:18:46,301 [INFO] IPUIPlugin:80 - create IPUIPlugin
2025-06-03 00:18:46,301 [INFO] PluginManager:220 - loadIPPluginJar : add freertos
2025-06-03 00:18:46,318 [INFO] IPUIPlugin:80 - create IPUIPlugin
2025-06-03 00:18:46,319 [INFO] PluginManager:220 - loadIPPluginJar : add genericplugin
2025-06-03 00:18:46,401 [INFO] IPUIPlugin:80 - create IPUIPlugin
2025-06-03 00:18:46,401 [INFO] PluginManager:220 - loadIPPluginJar : add gfxmmu
2025-06-03 00:18:46,548 [INFO] IPUIPlugin:80 - create IPUIPlugin
2025-06-03 00:18:46,548 [INFO] PluginManager:220 - loadIPPluginJar : add gic
2025-06-03 00:18:46,559 [INFO] IPUIPlugin:80 - create IPUIPlugin
2025-06-03 00:18:46,559 [INFO] PluginManager:220 - loadIPPluginJar : add gpio
2025-06-03 00:18:46,658 [INFO] IPUIPlugin:80 - create IPUIPlugin
2025-06-03 00:18:46,658 [INFO] PluginManager:220 - loadIPPluginJar : add gtzc
2025-06-03 00:18:46,684 [INFO] IPUIPlugin:80 - create IPUIPlugin
2025-06-03 00:18:46,684 [INFO] PluginManager:220 - loadIPPluginJar : add hash
2025-06-03 00:18:46,721 [INFO] IPUIPlugin:80 - create IPUIPlugin
2025-06-03 00:18:46,721 [INFO] PluginManager:220 - loadIPPluginJar : add i2c
2025-06-03 00:18:46,761 [INFO] IPUIPlugin:80 - create IPUIPlugin
2025-06-03 00:18:46,762 [INFO] PluginManager:220 - loadIPPluginJar : add i2s
2025-06-03 00:18:46,802 [INFO] IPUIPlugin:80 - create IPUIPlugin
2025-06-03 00:18:46,802 [INFO] PluginManager:220 - loadIPPluginJar : add i3c
2025-06-03 00:18:46,882 [INFO] IPUIPlugin:80 - create IPUIPlugin
2025-06-03 00:18:46,882 [INFO] PluginManager:220 - loadIPPluginJar : add ipddr
2025-06-03 00:18:46,976 [INFO] IPUIPlugin:80 - create IPUIPlugin
2025-06-03 00:18:46,978 [INFO] PluginManager:220 - loadIPPluginJar : add linkedlist
2025-06-03 00:18:47,003 [INFO] IPUIPlugin:80 - create IPUIPlugin
2025-06-03 00:18:47,003 [INFO] PluginManager:220 - loadIPPluginJar : add lorawan
2025-06-03 00:18:47,039 [INFO] IPUIPlugin:80 - create IPUIPlugin
2025-06-03 00:18:47,039 [INFO] PluginManager:220 - loadIPPluginJar : add ltdc
2025-06-03 00:18:47,050 [INFO] IPUIPlugin:80 - create IPUIPlugin
2025-06-03 00:18:47,050 [INFO] PluginManager:220 - loadIPPluginJar : add mdma
2025-06-03 00:18:47,059 [INFO] IPUIPlugin:80 - create IPUIPlugin
2025-06-03 00:18:47,059 [INFO] PluginManager:220 - loadIPPluginJar : add nvic
2025-06-03 00:18:47,084 [INFO] IPUIPlugin:80 - create IPUIPlugin
2025-06-03 00:18:47,086 [INFO] PluginManager:220 - loadIPPluginJar : add opamp
2025-06-03 00:18:47,132 [INFO] IPUIPlugin:80 - create IPUIPlugin
2025-06-03 00:18:47,133 [INFO] PluginManager:220 - loadIPPluginJar : add openamp
2025-06-03 00:18:47,162 [INFO] IPUIPlugin:80 - create IPUIPlugin
2025-06-03 00:18:47,162 [INFO] PluginManager:220 - loadIPPluginJar : add pdm2pcm
2025-06-03 00:18:47,173 [INFO] IPUIPlugin:80 - create IPUIPlugin
2025-06-03 00:18:47,174 [INFO] PluginManager:220 - loadIPPluginJar : add plateformsettings
2025-06-03 00:18:47,194 [INFO] IPUIPlugin:80 - create IPUIPlugin
2025-06-03 00:18:47,194 [INFO] PluginManager:220 - loadIPPluginJar : add quadspi
2025-06-03 00:18:47,210 [INFO] IPUIPlugin:80 - create IPUIPlugin
2025-06-03 00:18:47,210 [INFO] PluginManager:220 - loadIPPluginJar : add radio
2025-06-03 00:18:47,221 [INFO] IPUIPlugin:80 - create IPUIPlugin
2025-06-03 00:18:47,221 [INFO] PluginManager:220 - loadIPPluginJar : add resmgrutility
2025-06-03 00:18:47,256 [INFO] IPUIPlugin:80 - create IPUIPlugin
2025-06-03 00:18:47,256 [INFO] PluginManager:220 - loadIPPluginJar : add sai
2025-06-03 00:18:47,283 [INFO] IPUIPlugin:80 - create IPUIPlugin
2025-06-03 00:18:47,284 [INFO] PluginManager:220 - loadIPPluginJar : add spi
2025-06-03 00:18:47,360 [INFO] IPUIPlugin:80 - create IPUIPlugin
2025-06-03 00:18:47,361 [INFO] PluginManager:220 - loadIPPluginJar : add stm32_wpan
2025-06-03 00:18:47,378 [INFO] IPUIPlugin:80 - create IPUIPlugin
2025-06-03 00:18:47,378 [INFO] PluginManager:220 - loadIPPluginJar : add tim
2025-06-03 00:18:47,420 [INFO] IPUIPlugin:80 - create IPUIPlugin
2025-06-03 00:18:47,420 [INFO] PluginManager:220 - loadIPPluginJar : add touchsensing
2025-06-03 00:18:47,438 [INFO] IPUIPlugin:80 - create IPUIPlugin
2025-06-03 00:18:47,438 [INFO] PluginManager:220 - loadIPPluginJar : add tracer_emb
2025-06-03 00:18:47,455 [INFO] IPUIPlugin:80 - create IPUIPlugin
2025-06-03 00:18:47,455 [INFO] PluginManager:220 - loadIPPluginJar : add ts
2025-06-03 00:18:47,474 [INFO] IPUIPlugin:80 - create IPUIPlugin
2025-06-03 00:18:47,474 [INFO] PluginManager:220 - loadIPPluginJar : add tsc
2025-06-03 00:18:47,492 [INFO] IPUIPlugin:80 - create IPUIPlugin
2025-06-03 00:18:47,492 [INFO] PluginManager:220 - loadIPPluginJar : add ucpd
2025-06-03 00:18:47,522 [INFO] IPUIPlugin:80 - create IPUIPlugin
2025-06-03 00:18:47,522 [INFO] PluginManager:220 - loadIPPluginJar : add usart
2025-06-03 00:18:47,566 [INFO] IPUIPlugin:80 - create IPUIPlugin
2025-06-03 00:18:47,566 [INFO] PluginManager:220 - loadIPPluginJar : add usbx
2025-06-03 00:18:47,667 [FATAL] Updater:351 - Updater called before beeing initialized
2025-06-03 00:18:47,708 [INFO] RulesReader:64 - Compatibility file has been processed (302 Rules)
2025-06-03 00:18:47,718 [INFO] RulesReader:64 - Compatibility file has been processed (302 Rules)
2025-06-03 00:18:47,724 [INFO] CADModel:165 - CPN selected for project level
2025-06-03 00:18:47,724 [INFO] CADModel:114 - Register for checkConnection events
2025-06-03 00:18:47,724 [FATAL] Updater:351 - Updater called before beeing initialized
2025-06-03 00:18:47,724 [ERROR] CADModel:125 - Updater not yet initialized, retry later 
2025-06-03 00:18:47,818 [FATAL] Updater:351 - Updater called before beeing initialized
2025-06-03 00:18:47,820 [INFO] CADModel:165 - CPN selected for project level
2025-06-03 00:18:47,820 [INFO] CADModel:114 - Register for checkConnection events
2025-06-03 00:18:47,820 [FATAL] Updater:351 - Updater called before beeing initialized
2025-06-03 00:18:47,820 [ERROR] CADModel:125 - Updater not yet initialized, retry later 
2025-06-03 00:18:47,823 [FATAL] Updater:351 - Updater called before beeing initialized
2025-06-03 00:18:47,892 [FATAL] Updater:351 - Updater called before beeing initialized
2025-06-03 00:18:47,900 [INFO] DbMcusAds:53 - JSON generation date=Wed May 07 04:07:55 CDT 2025 (1746608875484)
2025-06-03 00:18:47,900 [FATAL] Updater:351 - Updater called before beeing initialized
2025-06-03 00:18:47,929 [WARN] DetailPanel:346 - Failed to get advertising image, set to default
2025-06-03 00:18:48,067 [FATAL] Updater:351 - Updater called before beeing initialized
2025-06-03 00:18:48,068 [FATAL] Updater:351 - Updater called before beeing initialized
2025-06-03 00:18:48,068 [FATAL] Updater:351 - Updater called before beeing initialized
2025-06-03 00:18:48,068 [WARN] DetailPanel:346 - Failed to get advertising image, set to default
2025-06-03 00:18:48,069 [FATAL] Updater:351 - Updater called before beeing initialized
2025-06-03 00:18:48,108 [ERROR] Updater:1198 - MainUpdater not yet initialized. External WinMGr cannot be set.
2025-06-03 00:18:48,115 [INFO] Updater:1134 - Updater Version found : 6.14.1
2025-06-03 00:18:48,130 [INFO] ApplicationProperties:184 - Using Application install path: C:\ST\STM32CubeIDE_1.16.0\STM32CubeIDE\plugins\com.st.stm32cube.common.mx_6.14.1.202504091515
2025-06-03 00:18:48,629 [INFO] ThirdPartyUpdaterWithRetryManager:70 - Updater plugin not ready yet. [2/15]
2025-06-03 00:18:49,700 [ERROR] LogOutputStream:75 - [STDERR_REDIRECT] Jun 03, 2025 12:18:49 AM java.util.prefs.WindowsPreferences <init>
2025-06-03 00:18:49,701 [ERROR] LogOutputStream:75 - [STDERR_REDIRECT] WARNING: Could not open/create prefs root node Software\JavaSoft\Prefs at root 0xffffffff80000002. Windows RegCreateKeyEx(...) returned error code 5.
2025-06-03 00:18:49,701 [ERROR] LogOutputStream:75 - [STDERR_REDIRECT] 
2025-06-03 00:18:49,982 [INFO] MainUpdater:2872 - connection check result : 10
2025-06-03 00:18:50,017 [INFO] MainUpdater:289 - Updater Check For Update Now.
2025-06-03 00:18:50,018 [INFO] MicroXplorer:498 - Change Database Version : DB.6.0.141
2025-06-03 00:18:50,034 [INFO] McuFinderGlobals:63 - Set McuFinder mode to 2 (CubeIDE integrated)
2025-06-03 00:18:50,043 [INFO] UserAuth:484 - Internet connection configuration mode: 1
2025-06-03 00:18:50,071 [INFO] JxBrowserEngine:152 - Initiate JxBrowser Engine with user profile folder
2025-06-03 00:18:50,186 [INFO] CheckServerUpdateThread:120 - End of CheckServer Thread
2025-06-03 00:18:51,056 [INFO] WebApp:169 - Instantiating new browser for Auth
2025-06-03 00:18:51,559 [INFO] WebApp:463 - Apply proxy settings
2025-06-03 00:18:51,559 [INFO] WebApp:548 - Chromium requires no authentication
2025-06-03 00:18:51,576 [INFO] WebApp:491 - Direct internet connection detected
2025-06-03 00:18:51,610 [INFO] WebApp:894 - Register for checkConnection events
2025-06-03 00:18:51,610 [INFO] WebApp:463 - Apply proxy settings
2025-06-03 00:18:51,610 [INFO] WebApp:548 - Chromium requires no authentication
2025-06-03 00:18:51,611 [INFO] WebApp:491 - Direct internet connection detected
2025-06-03 00:18:51,759 [INFO] WebApp:225 - Starting web application
2025-06-03 00:18:51,759 [INFO] WebApp:593 - Web application path used C:\ST\STM32CubeIDE_1.16.0\STM32CubeIDE\plugins\com.st.stm32cube.common.mx_6.14.1.202504091515\db\plugins\mcufinder\reactClient1\index.html
2025-06-03 00:18:51,778 [INFO] WebApp:191 - Connection restablished
2025-06-03 00:18:51,796 [WARN] PackLoader:240 - Cannot read IP mode file for STMicroelectronics.FP-SNS-MOTENVWB1.1.4.0
2025-06-03 00:18:51,809 [WARN] PackLoader:240 - Cannot read IP mode file for STMicroelectronics.FP-ATR-ASTRA1.2.0.2
2025-06-03 00:18:51,819 [WARN] PackLoader:240 - Cannot read IP mode file for STMicroelectronics.FP-ATR-ASTRA1.2.0.1
2025-06-03 00:18:51,832 [WARN] PackLoader:240 - Cannot read IP mode file for STMicroelectronics.X-CUBE-SMBUS.2.1.0
2025-06-03 00:18:51,847 [INFO] UserAuth:484 - Internet connection configuration mode: 1
2025-06-03 00:18:51,848 [WARN] PackLoader:240 - Cannot read IP mode file for STMicroelectronics.X-CUBE-WB05N.1.1.0
2025-06-03 00:18:51,858 [WARN] PackLoader:240 - Cannot read IP mode file for STMicroelectronics.X-CUBE-ST60.1.0.0
2025-06-03 00:18:51,885 [WARN] PackLoader:240 - Cannot read IP mode file for STMicroelectronics.X-CUBE-AZRTOS-F7.1.1.0
2025-06-03 00:18:51,931 [WARN] PackLoader:240 - Cannot read IP mode file for STMicroelectronics.X-CUBE-MEMS1.11.0.0
2025-06-03 00:18:52,009 [WARN] PackLoader:240 - Cannot read IP mode file for STMicroelectronics.FP-SNS-FLIGHT1.5.0.2
2025-06-03 00:18:52,021 [WARN] PackLoader:240 - Cannot read IP mode file for STMicroelectronics.X-CUBE-DISPLAY.3.0.0
2025-06-03 00:18:52,037 [WARN] PackLoader:240 - Cannot read IP mode file for STMicroelectronics.X-CUBE-BLE1.7.0.0
2025-06-03 00:18:52,049 [WARN] PackLoader:240 - Cannot read IP mode file for STMicroelectronics.X-CUBE-NFC10.1.0.0
2025-06-03 00:18:52,063 [WARN] PackLoader:240 - Cannot read IP mode file for STMicroelectronics.X-CUBE-BLEMGR.4.0.0
2025-06-03 00:18:52,076 [WARN] PackLoader:240 - Cannot read IP mode file for emotas.I-CUBE-CANOPEN.1.3.0
2025-06-03 00:18:52,091 [WARN] PackLoader:240 - Cannot read IP mode file for STMicroelectronics.X-CUBE-BLEMGR.3.1.0
2025-06-03 00:18:52,102 [WARN] PackLoader:240 - Cannot read IP mode file for STMicroelectronics.FP-SNS-SMARTAG2.1.2.0
2025-06-03 00:18:52,111 [WARN] PackLoader:240 - Cannot read IP mode file for STMicroelectronics.FP-SNS-FLIGHT1.5.1.0
2025-06-03 00:18:52,144 [WARN] PackLoader:240 - Cannot read IP mode file for STMicroelectronics.X-CUBE-MEMS1.11.1.0
2025-06-03 00:18:52,220 [INFO] LogOutputStream:77 - [STDOUT_REDIRECT] 1 : Invalid condition id : UX_CORESTACK_Condition cause : null
2025-06-03 00:18:52,221 [INFO] LogOutputStream:77 - [STDOUT_REDIRECT] 1 : Invalid condition id : UX_CORESTACK_Condition cause : null
2025-06-03 00:18:52,222 [INFO] LogOutputStream:77 - [STDOUT_REDIRECT] 1 : Invalid condition id : UX_CORESTACK_Condition cause : null
2025-06-03 00:18:52,223 [INFO] LogOutputStream:77 - [STDOUT_REDIRECT] 1 : Invalid condition id : UX_CORESTACK_Condition cause : null
2025-06-03 00:18:52,224 [INFO] LogOutputStream:77 - [STDOUT_REDIRECT] 1 : Invalid condition id : UX_CORESTACK_Condition cause : null
2025-06-03 00:18:52,227 [WARN] PackLoader:240 - Cannot read IP mode file for STMicroelectronics.X-CUBE-AZRTOS-WL.2.0.0
2025-06-03 00:18:52,242 [WARN] PackLoader:240 - Cannot read IP mode file for STMicroelectronics.FP-SNS-MOTENV1.5.0.0
2025-06-03 00:18:52,253 [WARN] PackLoader:240 - Cannot read IP mode file for wolfSSL.I-CUBE-wolfMQTT.1.19.0
2025-06-03 00:18:52,268 [WARN] PackLoader:240 - Cannot read IP mode file for WES.I-CUBE-Cesium.1.3.0
2025-06-03 00:18:52,280 [WARN] PackLoader:240 - Cannot read IP mode file for STMicroelectronics.X-CUBE-BLE2.3.3.0
2025-06-03 00:18:52,292 [WARN] PackLoader:240 - Cannot read IP mode file for STMicroelectronics.X-CUBE-NFC9.1.0.0
2025-06-03 00:18:52,304 [WARN] PackLoader:240 - Cannot read IP mode file for STMicroelectronics.X-CUBE-BLE1.7.1.0
2025-06-03 00:18:52,316 [WARN] PackLoader:240 - Cannot read IP mode file for STMicroelectronics.X-CUBE-TCPP.4.1.0
2025-06-03 00:18:52,327 [WARN] PackLoader:240 - Cannot read IP mode file for STMicroelectronics.X-CUBE-AI.10.1.0
2025-06-03 00:18:52,363 [WARN] PackLoader:240 - Cannot read IP mode file for STMicroelectronics.X-CUBE-MEMS1.11.2.0
2025-06-03 00:18:52,423 [WARN] PackLoader:240 - Cannot read IP mode file for STMicroelectronics.X-CUBE-AZRTOS-G0.1.1.0
2025-06-03 00:18:52,434 [WARN] PackLoader:240 - Cannot read IP mode file for STMicroelectronics.X-CUBE-SAFEA1.1.2.2
2025-06-03 00:18:52,444 [WARN] PackLoader:240 - Cannot read IP mode file for STMicroelectronics.X-CUBE-NFC4.3.0.0
2025-06-03 00:18:52,458 [WARN] PackLoader:240 - Cannot read IP mode file for EmbeddedOffice.I-CUBE-FS-RTOS.1.0.1
2025-06-03 00:18:52,469 [WARN] PackLoader:240 - Cannot read IP mode file for STMicroelectronics.X-CUBE-WB05N.2.0.0
2025-06-03 00:18:52,480 [WARN] PackLoader:240 - Cannot read IP mode file for STMicroelectronics.X-CUBE-TCPP.4.2.0
2025-06-03 00:18:52,493 [WARN] PackLoader:240 - Cannot read IP mode file for RealThread.X-CUBE-RT-Thread_Nano.4.1.1
2025-06-03 00:18:52,504 [WARN] PackLoader:240 - Cannot read IP mode file for STMicroelectronics.FP-ATR-SIGFOX1.3.2.0
2025-06-03 00:18:52,511 [WARN] PackLoader:240 - Cannot read IP mode file for wolfSSL.I-CUBE-wolfSSL.5.7.2
2025-06-03 00:18:52,523 [WARN] ConditionMgr:438 - getConditionDescription Invalid condition id : Cortex-A Device cause : null
2025-06-03 00:18:52,544 [WARN] ConditionMgr:1044 - genDependencies : Invalid condition id : Cortex-A Device cause : null
2025-06-03 00:18:52,544 [WARN] ConditionMgr:1044 - genDependencies : Invalid condition id : Cortex-A Device cause : null
2025-06-03 00:18:52,544 [WARN] ConditionMgr:1044 - genDependencies : Invalid condition id : Cortex-A Device cause : null
2025-06-03 00:18:52,555 [WARN] PackLoader:240 - Cannot read IP mode file for STMicroelectronics.X-CUBE-EEPRMA1.5.1.0
2025-06-03 00:18:52,567 [WARN] PackLoader:240 - Cannot read IP mode file for ITTIA_DB.I-CUBE-ITTIADB.8.9.0
2025-06-03 00:18:52,586 [WARN] PackLoader:240 - Cannot read IP mode file for SEGGER.I-CUBE-embOS.1.3.1
2025-06-03 00:18:52,611 [WARN] PackLoader:240 - Cannot read IP mode file for STMicroelectronics.X-CUBE-ALGOBUILD.1.4.0
2025-06-03 00:18:52,620 [WARN] PackLoader:240 - Cannot read IP mode file for STMicroelectronics.X-CUBE-AI.9.1.0
2025-06-03 00:18:52,631 [WARN] PackLoader:240 - Cannot read IP mode file for STMicroelectronics.X-CUBE-GNSS1.6.0.0
2025-06-03 00:18:52,651 [WARN] PackLoader:240 - Cannot read IP mode file for STMicroelectronics.X-CUBE-AZRTOS-F4.1.1.0
2025-06-03 00:18:52,662 [WARN] PackLoader:240 - Cannot read IP mode file for Avnet-IotConnect.X-CUBE-IoTC-DA16k-PMOD.1.0.0
2025-06-03 00:18:52,673 [WARN] PackLoader:240 - Cannot read IP mode file for STMicroelectronics.X-CUBE-ISPU.2.1.0
2025-06-03 00:18:52,682 [WARN] PackLoader:240 - Cannot read IP mode file for STMicroelectronics.X-CUBE-FREERTOS.1.2.0
2025-06-03 00:18:52,698 [WARN] PackLoader:240 - Cannot read IP mode file for STMicroelectronics.X-CUBE-AZRTOS-L5.2.0.0
2025-06-03 00:18:52,708 [WARN] PackLoader:240 - Cannot read IP mode file for STMicroelectronics.X-CUBE-NFC6.3.1.0
2025-06-03 00:18:52,719 [WARN] PackLoader:240 - Cannot read IP mode file for STMicroelectronics.X-CUBE-DPower.1.2.0
2025-06-03 00:18:52,727 [WARN] PackLoader:240 - Cannot read IP mode file for STMicroelectronics.X-CUBE-AI.9.0.0
2025-06-03 00:18:52,737 [WARN] PackLoader:240 - Cannot read IP mode file for STMicroelectronics.X-CUBE-FREERTOS.1.3.1
2025-06-03 00:18:52,744 [WARN] PackLoader:240 - Cannot read IP mode file for STMicroelectronics.X-CUBE-FREERTOS.1.3.0
2025-06-03 00:18:52,754 [WARN] PackLoader:240 - Cannot read IP mode file for STMicroelectronics.X-CUBE-NFC7.1.0.1
2025-06-03 00:18:52,763 [WARN] PackLoader:240 - Cannot read IP mode file for wolfSSL.I-CUBE-wolfTPM.3.2.0
2025-06-03 00:18:52,772 [WARN] PackLoader:240 - Cannot read IP mode file for STMicroelectronics.X-CUBE-DPower.1.3.0
2025-06-03 00:18:52,788 [WARN] ConditionMgr:438 - getConditionDescription Invalid condition id : LAN8742 Phy interface Condition cause : null
2025-06-03 00:18:52,788 [WARN] PackLoader:240 - Cannot read IP mode file for STMicroelectronics.X-CUBE-AZRTOS-L4.2.0.0
2025-06-03 00:18:52,789 [WARN] ConditionMgr:1044 - genDependencies : Invalid condition id : LAN8742 Phy interface Condition cause : null
2025-06-03 00:18:52,789 [WARN] ConditionMgr:1044 - genDependencies : Invalid condition id : LAN8742 Phy interface Condition cause : null
2025-06-03 00:18:52,789 [WARN] ConditionMgr:1044 - genDependencies : Invalid condition id : LAN8742 Phy interface Condition cause : null
2025-06-03 00:18:52,802 [WARN] PackLoader:240 - Cannot read IP mode file for STMicroelectronics.X-CUBE-SFXS2LP1.4.0.0
2025-06-03 00:18:52,822 [WARN] PackLoader:240 - Cannot read IP mode file for STMicroelectronics.X-CUBE-AZRTOS-H7.3.3.0
2025-06-03 00:18:52,833 [WARN] PackLoader:240 - Cannot read IP mode file for STMicroelectronics.X-CUBE-IPS.3.0.0
2025-06-03 00:18:52,852 [WARN] ConditionMgr:438 - getConditionDescription Invalid condition id : UX DEVICE CLASS RTOS Condition cause : null
2025-06-03 00:18:52,853 [WARN] ConditionMgr:438 - getConditionDescription Invalid condition id : UX DEVICE CLASS RTOS Condition cause : null
2025-06-03 00:18:52,854 [WARN] PackLoader:240 - Cannot read IP mode file for STMicroelectronics.X-CUBE-AZRTOS-WB.2.0.0
2025-06-03 00:18:52,854 [WARN] ConditionMgr:1044 - genDependencies : Invalid condition id : UX DEVICE CLASS RTOS Condition cause : null
2025-06-03 00:18:52,854 [WARN] ConditionMgr:1044 - genDependencies : Invalid condition id : UX DEVICE CLASS RTOS Condition cause : null
2025-06-03 00:18:52,854 [WARN] ConditionMgr:1044 - genDependencies : Invalid condition id : UX DEVICE CLASS RTOS Condition cause : null
2025-06-03 00:18:52,854 [WARN] ConditionMgr:1044 - genDependencies : Invalid condition id : UX DEVICE CLASS RTOS Condition cause : null
2025-06-03 00:18:52,854 [WARN] ConditionMgr:1044 - genDependencies : Invalid condition id : UX DEVICE CLASS RTOS Condition cause : null
2025-06-03 00:18:52,863 [WARN] PackLoader:240 - Cannot read IP mode file for STMicroelectronics.X-CUBE-GNSS1.7.0.0
2025-06-03 00:18:52,878 [WARN] PackLoader:240 - Cannot read IP mode file for STMicroelectronics.X-CUBE-GNSS1.7.0.1
2025-06-03 00:18:52,894 [WARN] PackLoader:240 - Cannot read IP mode file for STMicroelectronics.X-CUBE-TOUCHGFX.4.25.0
2025-06-03 00:18:52,908 [WARN] PackLoader:240 - Cannot read IP mode file for STMicroelectronics.FP-SNS-STBOX1.2.0.0
2025-06-03 00:18:52,924 [WARN] PackLoader:240 - Cannot read IP mode file for STMicroelectronics.X-CUBE-SUBG2.5.0.0
2025-06-03 00:18:52,942 [WARN] PackLoader:240 - Cannot read IP mode file for STMicroelectronics.X-CUBE-AZRTOS-H7RS.1.1.0
2025-06-03 00:18:52,953 [WARN] PackLoader:240 - Cannot read IP mode file for Cesanta.I-CUBE-Mongoose.7.13.0
2025-06-03 00:18:52,972 [WARN] PackLoader:240 - Cannot read IP mode file for STMicroelectronics.X-CUBE-AZRTOS-G4.2.0.0
2025-06-03 00:18:52,985 [WARN] PackLoader:240 - Cannot read IP mode file for STMicroelectronics.X-CUBE-NFC7.2.0.0
2025-06-03 00:18:52,996 [WARN] PackLoader:240 - Cannot read IP mode file for STMicroelectronics.X-CUBE-ISPU.2.0.0
2025-06-03 00:18:53,009 [WARN] PackLoader:240 - Cannot read IP mode file for STMicroelectronics.X-CUBE-IPS.3.1.0
2025-06-03 00:18:53,021 [WARN] PackLoader:240 - Cannot read IP mode file for STMicroelectronics.X-CUBE-ALS.1.0.2
2025-06-03 00:18:53,041 [WARN] PackLoader:240 - Cannot read IP mode file for STMicroelectronics.X-CUBE-MEMS1.10.0.0
2025-06-03 00:18:53,096 [WARN] PackLoader:240 - Cannot read IP mode file for STMicroelectronics.X-CUBE-TOUCHGFX.4.24.0
2025-06-03 00:18:53,109 [WARN] PackLoader:240 - Cannot read IP mode file for STMicroelectronics.X-CUBE-TOUCHGFX.4.24.1
2025-06-03 00:18:53,119 [WARN] PackLoader:240 - Cannot read IP mode file for portGmbH.I-Cube-SoM-uGOAL.1.1.0
2025-06-03 00:18:53,137 [WARN] PackLoader:240 - Cannot read IP mode file for STMicroelectronics.X-CUBE-AZRTOS-H7RS.1.0.0
2025-06-03 00:18:53,146 [WARN] PackLoader:240 - Cannot read IP mode file for STMicroelectronics.FP-ATR-ASTRA1.2.0.0
2025-06-03 00:18:53,160 [WARN] PackLoader:240 - Cannot read IP mode file for STMicroelectronics.X-CUBE-TOF1.3.4.2
2025-06-03 00:18:53,177 [WARN] PackLoader:240 - Cannot read IP mode file for STMicroelectronics.X-CUBE-TOF1.3.4.3
2025-06-03 00:18:53,191 [WARN] PackLoader:240 - Cannot read IP mode file for STMicroelectronics.X-CUBE-TOF1.3.4.1
2025-06-03 00:18:53,210 [WARN] PackLoader:240 - Cannot read IP mode file for STMicroelectronics.X-CUBE-AZRTOS-H7.3.2.0
2025-06-03 00:18:53,224 [WARN] PackLoader:240 - Cannot read IP mode file for Infineon.AIROC-Wi-Fi-Bluetooth-STM32.1.6.0
2025-06-03 00:18:53,237 [WARN] PackLoader:240 - Cannot read IP mode file for wolfSSL.I-CUBE-wolfSSH.1.4.17
2025-06-03 00:18:53,237 [INFO] ThirdParty:978 - Integrity check success = true
2025-06-03 00:18:53,237 [INFO] IntegrityCheckThread:100 - exiting critical section [integrity check]
2025-06-03 00:18:53,237 [INFO] IntegrityCheckThread:103 - End integrity checks thread
2025-06-03 00:20:10,837 [INFO] WebApp:194 - Connection lost
2025-06-03 00:20:34,012 [ERROR] LogOutputStream:75 - [STDERR_REDIRECT] 
2025-06-03 00:20:34,013 [ERROR] LogOutputStream:75 - [STDERR_REDIRECT] 
2025-06-03 00:42:09,257 [INFO] Activator:176 - 


2025-06-03 00:42:09,273 [INFO] Activator:177 - !SESSION log4j initialized
2025-06-03 00:42:16,516 [INFO] LogOutputStream:77 - [STDOUT_REDIRECT] 
